Traceback (most recent call last):
  File "main.py", line 4, in <module>
    import giphy_client
ModuleNotFoundError: No module named 'giphy_client'
Traceback (most recent call last):
  File "main.py", line 120, in <module>
    client.run(getenv('GIFY_DISCORD_SECRET'))
  File "/home/ubuntu/.local/lib/python3.6/site-packages/discord/client.py", line 708, in run
    return future.result()
  File "/home/ubuntu/.local/lib/python3.6/site-packages/discord/client.py", line 687, in runner
    await self.start(*args, **kwargs)
  File "/home/ubuntu/.local/lib/python3.6/site-packages/discord/client.py", line 650, in start
    await self.login(*args, bot=bot)
  File "/home/ubuntu/.local/lib/python3.6/site-packages/discord/client.py", line 499, in login
    await self.http.static_login(token.strip(), bot=bot)
AttributeError: 'NoneType' object has no attribute 'strip'
Ignoring exception in on_message
Traceback (most recent call last):
  File "/home/ubuntu/.local/lib/python3.6/site-packages/discord/client.py", line 333, in _run_event
    await coro(*args, **kwargs)
  File "main.py", line 54, in on_message
    await message.channel.send(embed=embed)
  File "/home/ubuntu/.local/lib/python3.6/site-packages/discord/abc.py", line 905, in send
    nonce=nonce, allowed_mentions=allowed_mentions)
  File "/home/ubuntu/.local/lib/python3.6/site-packages/discord/http.py", line 241, in request
    raise Forbidden(r, data)
discord.errors.Forbidden: 403 Forbidden (error code: 50013): Missing Permissions
Ignoring exception in on_message
Traceback (most recent call last):
  File "/home/ubuntu/.local/lib/python3.6/site-packages/discord/client.py", line 333, in _run_event
    await coro(*args, **kwargs)
  File "main.py", line 54, in on_message
    await message.channel.send(embed=embed)
  File "/home/ubuntu/.local/lib/python3.6/site-packages/discord/abc.py", line 905, in send
    nonce=nonce, allowed_mentions=allowed_mentions)
  File "/home/ubuntu/.local/lib/python3.6/site-packages/discord/http.py", line 241, in request
    raise Forbidden(r, data)
discord.errors.Forbidden: 403 Forbidden (error code: 50013): Missing Permissions
Logged in as Gify#9177
[{'username': '$(GadhaGod)', '_id': '40a04dda-ab8b-49ab-b65b-d68a06cbdf31-1', 'time': '12/11/2020 22:44', 'response': 'https://media1.giphy.com/media/VeB9ieebylsaN5Jw8p/giphy.gif?cid=10d8f4c5re8qqwswvct6dcalo5ooa0f2w13nsnnwj5corago&rid=giphy.gif', '_event_time': '2020-11-13T06:44:39.720000Z', 'command': 'gif trending', 'user_id': '456551877509906432'}, {'username': '$(GadhaGod)', '_id': 'b28563a5-c9bb-4ace-bb13-eb24405fb5b6-1', 'time': '12/11/2020 22:38', 'response': 'https://media3.giphy.com/media/3o7ZeQBhbVGnELP4bK/giphy.gif?cid=10d8f4c59e7rbd56z78gjw6qo0649my8fllkf4zu0oq9i1wr&rid=giphy.gif', '_event_time': '2020-11-13T06:38:14.229000Z', 'command': '!gif search gif', 'user_id': '456551877509906432'}, {'username': '$(GadhaGod)', '_id': 'a672b700-b4a0-402f-8705-179e9da12721-1', 'time': '12/11/2020 22:16', 'response': 'https://media2.giphy.com/media/E4sR0AqcSTZPa/giphy.gif?cid=10d8f4c5ccz0grdr0ixuj88y0y8fcimts49r1509z5tjztlz&rid=giphy.gif', '_event_time': '2020-11-13T06:16:58.233000Z', 'command': 'gif search pp', 'user_id': '456551877509906432'}, {'username': '$(GadhaGod)', '_id': '7a9228a1-8910-4e5a-bb2b-a61a3dcc0d28-1', 'time': '12/11/2020 22:14', 'response': 'https://media2.giphy.com/media/E4sR0AqcSTZPa/giphy.gif?cid=10d8f4c5ccz0grdr0ixuj88y0y8fcimts49r1509z5tjztlz&rid=giphy.gif', '_event_time': '2020-11-13T06:14:35.470000Z', 'command': '!gif search pp', 'user_id': '456551877509906432'}, {'username': '$(GadhaGod)', '_id': '771d77dd-35e7-4162-b31f-a3f5d98e8b0f-1', 'time': '12/11/2020 22:09:30', 'response': 'https://media1.giphy.com/media/l0HU20BZ6LbSEITza/giphy.gif?cid=10d8f4c5o94fo9u6wjppek1p1n4kfdtuj42wctsss0op6en6&rid=giphy.gif', '_event_time': '2020-11-13T06:09:30.578000Z', 'command': 'gif search john cena', 'user_id': '456551877509906432'}]
[{'collection': 'GifyUsers',
 'error': None,
 'id': '776321298393595925',
 'patch_id': None,
 'status': 'ADDED'}]
[{'collection': 'GifyUsers',
 'error': None,
 'id': '776321298393595925',
 'patch_id': None,
 'status': 'ADDED'}]
[{'collection': 'GifyUsers',
 'error': None,
 'id': '776321298393595925',
 'patch_id': None,
 'status': 'ADDED'}]
[{'collection': 'GifyUsers',
 'error': None,
 'id': '776321298393595925',
 'patch_id': None,
 'status': 'ADDED'}]
[{'collection': 'GifyUsers',
 'error': None,
 'id': '776321298393595925',
 'patch_id': None,
 'status': 'ADDED'}]
[{'collection': 'GifyUsers',
 'error': None,
 'id': '776321298393595925',
 'patch_id': None,
 'status': 'ADDED'}]
[{'collection': 'GifyUsers',
 'error': None,
 'id': '456551877509906432',
 'patch_id': None,
 'status': 'ADDED'}]
[{'collection': 'GifyUsers',
 'error': None,
 'id': '776321298393595925',
 'patch_id': None,
 'status': 'ADDED'}]
[{'collection': 'GifyUsers',
 'error': None,
 'id': '776321298393595925',
 'patch_id': None,
 'status': 'ADDED'}]
[{'collection': 'GifyUsers',
 'error': None,
 'id': '456551877509906432',
 'patch_id': None,
 'status': 'ADDED'}]
Logged in as Gify#9177
[{'collection': 'GifyUsers',
 'error': None,
 'id': '456551877509906432',
 'patch_id': None,
 'status': 'ADDED'}]
[{'collection': 'GifyUsers',
 'error': None,
 'id': '547613750283468811',
 'patch_id': None,
 'status': 'ADDED'}]
[{'collection': 'GifyUsers',
 'error': None,
 'id': '547613750283468811',
 'patch_id': None,
 'status': 'ADDED'}]
[{'collection': 'GifyUsers',
 'error': None,
 'id': '456551877509906432',
 'patch_id': None,
 'status': 'ADDED'}]
[{'collection': 'GifyUsers',
 'error': None,
 'id': '456551877509906432',
 'patch_id': None,
 'status': 'ADDED'}]
[{'collection': 'GifyUsers',
 'error': None,
 'id': '776321298393595925',
 'patch_id': None,
 'status': 'ADDED'}]
[{'collection': 'GifyUsers',
 'error': None,
 'id': '757753085417357333',
 'patch_id': None,
 'status': 'ADDED'}]
[{'collection': 'GifyUsers',
 'error': None,
 'id': '456551877509906432',
 'patch_id': None,
 'status': 'ADDED'}]
{'type': 'gif', 'id': 'd7ocAWsYO7eYTMWPFZ', 'url': 'https://giphy.com/gifs/d7ocAWsYO7eYTMWPFZ', 'image_original_url': 'https://media0.giphy.com/media/d7ocAWsYO7eYTMWPFZ/giphy.gif', 'image_url': 'https://media0.giphy.com/media/d7ocAWsYO7eYTMWPFZ/giphy.gif', 'image_mp4_url': 'https://media0.giphy.com/media/d7ocAWsYO7eYTMWPFZ/giphy.mp4', 'image_frames': '225', 'image_width': '480', 'image_height': '270', 'fixed_height_downsampled_url': 'https://media0.giphy.com/media/d7ocAWsYO7eYTMWPFZ/200_d.gif', 'fixed_height_downsampled_width': '356', 'fixed_height_downsampled_height': '200', 'fixed_width_downsampled_url': 'https://media0.giphy.com/media/d7ocAWsYO7eYTMWPFZ/200w_d.gif', 'fixed_width_downsampled_width': '200', 'fixed_width_downsampled_height': '113', 'fixed_height_small_url': 'https://media0.giphy.com/media/d7ocAWsYO7eYTMWPFZ/100.gif', 'fixed_height_small_still_url': 'https://media0.giphy.com/media/d7ocAWsYO7eYTMWPFZ/100_s.gif', 'fixed_height_small_width': '178', 'fixed_height_small_height': '100', 'fixed_width_small_url': 'https://media0.giphy.com/media/d7ocAWsYO7eYTMWPFZ/100w.gif', 'fixed_width_small_still_url': 'https://media0.giphy.com/media/d7ocAWsYO7eYTMWPFZ/100w_s.gif', 'fixed_width_small_width': '100', 'fixed_width_small_height': '57'}
[{'collection': 'GifyUsers',
 'error': None,
 'id': '776321298393595925',
 'patch_id': None,
 'status': 'ADDED'}]
[{'collection': 'GifyUsers',
 'error': None,
 'id': '456551877509906432',
 'patch_id': None,
 'status': 'ADDED'}]
[{'collection': 'GifyHistory',
 'error': None,
 'id': '8e0cf3c0-7376-4ac4-9ed5-366647682943-1',
 'patch_id': None,
 'status': 'ADDED'}]
[{'collection': 'GifyUsers',
 'error': None,
 'id': '757753085417357333',
 'patch_id': None,
 'status': 'ADDED'}]
[{'collection': 'GifyUsers',
 'error': None,
 'id': '757753085417357333',
 'patch_id': None,
 'status': 'ADDED'}]
[{'collection': 'GifyUsers',
 'error': None,
 'id': '757753085417357333',
 'patch_id': None,
 'status': 'ADDED'}]
[{'collection': 'GifyUsers',
 'error': None,
 'id': '456551877509906432',
 'patch_id': None,
 'status': 'ADDED'}]
[{'collection': 'GifyUsers',
 'error': None,
 'id': '776321298393595925',
 'patch_id': None,
 'status': 'ADDED'}]
[{'collection': 'GifyUsers',
 'error': None,
 'id': '456551877509906432',
 'patch_id': None,
 'status': 'ADDED'}]
[{'collection': 'GifyHistory',
 'error': None,
 'id': '2e8f7981-76f2-48d1-b0ae-035712e221c1-1',
 'patch_id': None,
 'status': 'ADDED'}]
[{'collection': 'GifyUsers',
 'error': None,
 'id': '776321298393595925',
 'patch_id': None,
 'status': 'ADDED'}]
[{'collection': 'GifyUsers',
 'error': None,
 'id': '456551877509906432',
 'patch_id': None,
 'status': 'ADDED'}]
[{'collection': 'GifyUsers',
 'error': None,
 'id': '776321298393595925',
 'patch_id': None,
 'status': 'ADDED'}]
[{'collection': 'GifyUsers',
 'error': None,
 'id': '456551877509906432',
 'patch_id': None,
 'status': 'ADDED'}]
[{'collection': 'GifyHistory',
 'error': None,
 'id': 'bf844549-5325-4364-a859-26e05013fb67-1',
 'patch_id': None,
 'status': 'ADDED'}]
[{'collection': 'GifyUsers',
 'error': None,
 'id': '776321298393595925',
 'patch_id': None,
 'status': 'ADDED'}]
[{'collection': 'GifyUsers',
 'error': None,
 'id': '757753085417357333',
 'patch_id': None,
 'status': 'ADDED'}]
[{'collection': 'GifyUsers',
 'error': None,
 'id': '481621429822160927',
 'patch_id': None,
 'status': 'ADDED'}]
[{'collection': 'GifyUsers',
 'error': None,
 'id': '745792822954950687',
 'patch_id': None,
 'status': 'ADDED'}]
[{'collection': 'GifyUsers',
 'error': None,
 'id': '456551877509906432',
 'patch_id': None,
 'status': 'ADDED'}]
[{'collection': 'GifyUsers',
 'error': None,
 'id': '456551877509906432',
 'patch_id': None,
 'status': 'ADDED'}]
[{'collection': 'GifyUsers',
 'error': None,
 'id': '481621429822160927',
 'patch_id': None,
 'status': 'ADDED'}]
[{'collection': 'GifyUsers',
 'error': None,
 'id': '456551877509906432',
 'patch_id': None,
 'status': 'ADDED'}]
[{'collection': 'GifyUsers',
 'error': None,
 'id': '547613750283468811',
 'patch_id': None,
 'status': 'ADDED'}]
[{'collection': 'GifyUsers',
 'error': None,
 'id': '776321298393595925',
 'patch_id': None,
 'status': 'ADDED'}]
[{'collection': 'GifyUsers',
 'error': None,
 'id': '547613750283468811',
 'patch_id': None,
 'status': 'ADDED'}]
[{'collection': 'GifyUsers',
 'error': None,
 'id': '745792822954950687',
 'patch_id': None,
 'status': 'ADDED'}]
[{'collection': 'GifyUsers',
 'error': None,
 'id': '745792822954950687',
 'patch_id': None,
 'status': 'ADDED'}]
[{'collection': 'GifyUsers',
 'error': None,
 'id': '547613750283468811',
 'patch_id': None,
 'status': 'ADDED'}]
[{'collection': 'GifyUsers',
 'error': None,
 'id': '547613750283468811',
 'patch_id': None,
 'status': 'ADDED'}]
[{'collection': 'GifyUsers',
 'error': None,
 'id': '456551877509906432',
 'patch_id': None,
 'status': 'ADDED'}]
[{'collection': 'GifyUsers',
 'error': None,
 'id': '547613750283468811',
 'patch_id': None,
 'status': 'ADDED'}]
[{'collection': 'GifyUsers',
 'error': None,
 'id': '547613750283468811',
 'patch_id': None,
 'status': 'ADDED'}]
[{'collection': 'GifyUsers',
 'error': None,
 'id': '456551877509906432',
 'patch_id': None,
 'status': 'ADDED'}]
[{'collection': 'GifyUsers',
 'error': None,
 'id': '456551877509906432',
 'patch_id': None,
 'status': 'ADDED'}]
[{'collection': 'GifyUsers',
 'error': None,
 'id': '547613750283468811',
 'patch_id': None,
 'status': 'ADDED'}]
[{'collection': 'GifyUsers',
 'error': None,
 'id': '547613750283468811',
 'patch_id': None,
 'status': 'ADDED'}]
[{'collection': 'GifyUsers',
 'error': None,
 'id': '776321298393595925',
 'patch_id': None,
 'status': 'ADDED'}]
[{'collection': 'GifyUsers',
 'error': None,
 'id': '456551877509906432',
 'patch_id': None,
 'status': 'ADDED'}]
[{'collection': 'GifyHistory',
 'error': None,
 'id': '84cf9174-405e-45fb-a868-b6a397e613a1-1',
 'patch_id': None,
 'status': 'ADDED'}]
[{'collection': 'GifyUsers',
 'error': None,
 'id': '776321298393595925',
 'patch_id': None,
 'status': 'ADDED'}]
[{'collection': 'GifyUsers',
 'error': None,
 'id': '547613750283468811',
 'patch_id': None,
 'status': 'ADDED'}]
[{'collection': 'GifyHistory',
 'error': None,
 'id': 'd034f069-4339-4901-b9de-536a1d40c4db-1',
 'patch_id': None,
 'status': 'ADDED'}]
[{'collection': 'GifyUsers',
 'error': None,
 'id': '776321298393595925',
 'patch_id': None,
 'status': 'ADDED'}]
[{'collection': 'GifyUsers',
 'error': None,
 'id': '547613750283468811',
 'patch_id': None,
 'status': 'ADDED'}]
[{'collection': 'GifyHistory',
 'error': None,
 'id': 'f9c3deed-5211-41d1-adba-17d09029e9de-1',
 'patch_id': None,
 'status': 'ADDED'}]
[{'collection': 'GifyUsers',
 'error': None,
 'id': '776321298393595925',
 'patch_id': None,
 'status': 'ADDED'}]
[{'collection': 'GifyUsers',
 'error': None,
 'id': '547613750283468811',
 'patch_id': None,
 'status': 'ADDED'}]
[{'collection': 'GifyHistory',
 'error': None,
 'id': 'cf0be5a5-1abd-44e9-8705-6e30cab6ac8a-1',
 'patch_id': None,
 'status': 'ADDED'}]
[{'collection': 'GifyUsers',
 'error': None,
 'id': '547613750283468811',
 'patch_id': None,
 'status': 'ADDED'}]
[{'collection': 'GifyUsers',
 'error': None,
 'id': '456551877509906432',
 'patch_id': None,
 'status': 'ADDED'}]
[{'collection': 'GifyUsers',
 'error': None,
 'id': '456551877509906432',
 'patch_id': None,
 'status': 'ADDED'}]
[{'collection': 'GifyUsers',
 'error': None,
 'id': '547613750283468811',
 'patch_id': None,
 'status': 'ADDED'}]
[{'collection': 'GifyUsers',
 'error': None,
 'id': '547613750283468811',
 'patch_id': None,
 'status': 'ADDED'}]
[{'collection': 'GifyUsers',
 'error': None,
 'id': '498288448344686594',
 'patch_id': None,
 'status': 'ADDED'}]
[{'collection': 'GifyUsers',
 'error': None,
 'id': '776321298393595925',
 'patch_id': None,
 'status': 'ADDED'}]
[{'collection': 'GifyUsers',
 'error': None,
 'id': '547613750283468811',
 'patch_id': None,
 'status': 'ADDED'}]
[{'collection': 'GifyUsers',
 'error': None,
 'id': '498288448344686594',
 'patch_id': None,
 'status': 'ADDED'}]
[{'collection': 'GifyUsers',
 'error': None,
 'id': '776321298393595925',
 'patch_id': None,
 'status': 'ADDED'}]
[{'collection': 'GifyUsers',
 'error': None,
 'id': '547613750283468811',
 'patch_id': None,
 'status': 'ADDED'}]
[{'collection': 'GifyUsers',
 'error': None,
 'id': '776321298393595925',
 'patch_id': None,
 'status': 'ADDED'}]
[{'collection': 'GifyUsers',
 'error': None,
 'id': '456551877509906432',
 'patch_id': None,
 'status': 'ADDED'}]
[{'collection': 'GifyHistory',
 'error': None,
 'id': 'fff81051-0ded-4588-865f-7ee9edb3ea9a-1',
 'patch_id': None,
 'status': 'ADDED'}]
[{'collection': 'GifyUsers',
 'error': None,
 'id': '776321298393595925',
 'patch_id': None,
 'status': 'ADDED'}]
[{'collection': 'GifyUsers',
 'error': None,
 'id': '456551877509906432',
 'patch_id': None,
 'status': 'ADDED'}]
[{'collection': 'GifyUsers',
 'error': None,
 'id': '456551877509906432',
 'patch_id': None,
 'status': 'ADDED'}]
[{'collection': 'GifyUsers',
 'error': None,
 'id': '776321298393595925',
 'patch_id': None,
 'status': 'ADDED'}]
[{'collection': 'GifyUsers',
 'error': None,
 'id': '456551877509906432',
 'patch_id': None,
 'status': 'ADDED'}]
[{'collection': 'GifyHistory',
 'error': None,
 'id': '8d432711-09a8-4b60-b0c5-98de9a38d11c-1',
 'patch_id': None,
 'status': 'ADDED'}]
[{'collection': 'GifyUsers',
 'error': None,
 'id': '456551877509906432',
 'patch_id': None,
 'status': 'ADDED'}]
{'type': 'gif', 'id': '3oEdvamMWTzDR1VRGo', 'url': 'https://giphy.com/gifs/dance-im-your-girl-ses-3oEdvamMWTzDR1VRGo', 'image_original_url': 'https://media4.giphy.com/media/3oEdvamMWTzDR1VRGo/giphy.gif', 'image_url': 'https://media4.giphy.com/media/3oEdvamMWTzDR1VRGo/giphy.gif', 'image_mp4_url': 'https://media4.giphy.com/media/3oEdvamMWTzDR1VRGo/giphy.mp4', 'image_frames': '30', 'image_width': '480', 'image_height': '270', 'fixed_height_downsampled_url': 'https://media4.giphy.com/media/3oEdvamMWTzDR1VRGo/200_d.gif', 'fixed_height_downsampled_width': '356', 'fixed_height_downsampled_height': '200', 'fixed_width_downsampled_url': 'https://media4.giphy.com/media/3oEdvamMWTzDR1VRGo/200w_d.gif', 'fixed_width_downsampled_width': '200', 'fixed_width_downsampled_height': '113', 'fixed_height_small_url': 'https://media4.giphy.com/media/3oEdvamMWTzDR1VRGo/100.gif', 'fixed_height_small_still_url': 'https://media4.giphy.com/media/3oEdvamMWTzDR1VRGo/100_s.gif', 'fixed_height_small_width': '178', 'fixed_height_small_height': '100', 'fixed_width_small_url': 'https://media4.giphy.com/media/3oEdvamMWTzDR1VRGo/100w.gif', 'fixed_width_small_still_url': 'https://media4.giphy.com/media/3oEdvamMWTzDR1VRGo/100w_s.gif', 'fixed_width_small_width': '100', 'fixed_width_small_height': '57'}
[{'collection': 'GifyUsers',
 'error': None,
 'id': '776321298393595925',
 'patch_id': None,
 'status': 'ADDED'}]
[{'collection': 'GifyUsers',
 'error': None,
 'id': '456551877509906432',
 'patch_id': None,
 'status': 'ADDED'}]
[{'collection': 'GifyHistory',
 'error': None,
 'id': '4117dda4-e8ea-4b3b-9490-f720a0eb3123-1',
 'patch_id': None,
 'status': 'ADDED'}]
[{'collection': 'GifyUsers',
 'error': None,
 'id': '624063201746878464',
 'patch_id': None,
 'status': 'ADDED'}]
[{'collection': 'GifyUsers',
 'error': None,
 'id': '547613750283468811',
 'patch_id': None,
 'status': 'ADDED'}]
[{'collection': 'GifyUsers',
 'error': None,
 'id': '776321298393595925',
 'patch_id': None,
 'status': 'ADDED'}]
[{'collection': 'GifyUsers',
 'error': None,
 'id': '547613750283468811',
 'patch_id': None,
 'status': 'ADDED'}]
[{'collection': 'GifyUsers',
 'error': None,
 'id': '326039981501972481',
 'patch_id': None,
 'status': 'ADDED'}]
[{'collection': 'GifyUsers',
 'error': None,
 'id': '714911868455747629',
 'patch_id': None,
 'status': 'ADDED'}]
[{'collection': 'GifyUsers',
 'error': None,
 'id': '547613750283468811',
 'patch_id': None,
 'status': 'ADDED'}]
[{'collection': 'GifyUsers',
 'error': None,
 'id': '745792822954950687',
 'patch_id': None,
 'status': 'ADDED'}]
[{'collection': 'GifyUsers',
 'error': None,
 'id': '745792822954950687',
 'patch_id': None,
 'status': 'ADDED'}]
[{'collection': 'GifyUsers',
 'error': None,
 'id': '456551877509906432',
 'patch_id': None,
 'status': 'ADDED'}]
[{'collection': 'GifyUsers',
 'error': None,
 'id': '456551877509906432',
 'patch_id': None,
 'status': 'ADDED'}]
[{'collection': 'GifyUsers',
 'error': None,
 'id': '745792822954950687',
 'patch_id': None,
 'status': 'ADDED'}]
[{'collection': 'GifyUsers',
 'error': None,
 'id': '456551877509906432',
 'patch_id': None,
 'status': 'ADDED'}]
[{'collection': 'GifyUsers',
 'error': None,
 'id': '776321298393595925',
 'patch_id': None,
 'status': 'ADDED'}]
[{'collection': 'GifyUsers',
 'error': None,
 'id': '456551877509906432',
 'patch_id': None,
 'status': 'ADDED'}]
[{'collection': 'GifyHistory',
 'error': None,
 'id': '39753684-e94d-4883-bbfc-bb6dff2cc1b9-1',
 'patch_id': None,
 'status': 'ADDED'}]
[{'collection': 'GifyUsers',
 'error': None,
 'id': '456551877509906432',
 'patch_id': None,
 'status': 'ADDED'}]
[{'collection': 'GifyUsers',
 'error': None,
 'id': '456551877509906432',
 'patch_id': None,
 'status': 'ADDED'}]
[{'collection': 'GifyUsers',
 'error': None,
 'id': '776321298393595925',
 'patch_id': None,
 'status': 'ADDED'}]
[{'collection': 'GifyUsers',
 'error': None,
 'id': '456551877509906432',
 'patch_id': None,
 'status': 'ADDED'}]
[{'collection': 'GifyUsers',
 'error': None,
 'id': '326039981501972481',
 'patch_id': None,
 'status': 'ADDED'}]
[{'collection': 'GifyUsers',
 'error': None,
 'id': '714911868455747629',
 'patch_id': None,
 'status': 'ADDED'}]
[{'collection': 'GifyUsers',
 'error': None,
 'id': '456551877509906432',
 'patch_id': None,
 'status': 'ADDED'}]
[{'collection': 'GifyUsers',
 'error': None,
 'id': '456551877509906432',
 'patch_id': None,
 'status': 'ADDED'}]
[{'collection': 'GifyUsers',
 'error': None,
 'id': '774682426977812508',
 'patch_id': None,
 'status': 'ADDED'}]
[{'collection': 'GifyUsers',
 'error': None,
 'id': '456551877509906432',
 'patch_id': None,
 'status': 'ADDED'}]
[{'collection': 'GifyUsers',
 'error': None,
 'id': '456551877509906432',
 'patch_id': None,
 'status': 'ADDED'}]
[{'collection': 'GifyUsers',
 'error': None,
 'id': '547613750283468811',
 'patch_id': None,
 'status': 'ADDED'}]
[{'collection': 'GifyUsers',
 'error': None,
 'id': '456551877509906432',
 'patch_id': None,
 'status': 'ADDED'}]
[{'collection': 'GifyUsers',
 'error': None,
 'id': '456551877509906432',
 'patch_id': None,
 'status': 'ADDED'}]
[{'collection': 'GifyUsers',
 'error': None,
 'id': '547613750283468811',
 'patch_id': None,
 'status': 'ADDED'}]
[{'collection': 'GifyUsers',
 'error': None,
 'id': '456551877509906432',
 'patch_id': None,
 'status': 'ADDED'}]
[{'collection': 'GifyUsers',
 'error': None,
 'id': '456551877509906432',
 'patch_id': None,
 'status': 'ADDED'}]
[{'collection': 'GifyUsers',
 'error': None,
 'id': '456551877509906432',
 'patch_id': None,
 'status': 'ADDED'}]
[{'collection': 'GifyUsers',
 'error': None,
 'id': '547613750283468811',
 'patch_id': None,
 'status': 'ADDED'}]
[{'collection': 'GifyUsers',
 'error': None,
 'id': '456551877509906432',
 'patch_id': None,
 'status': 'ADDED'}]
[{'collection': 'GifyUsers',
 'error': None,
 'id': '456551877509906432',
 'patch_id': None,
 'status': 'ADDED'}]
[{'collection': 'GifyUsers',
 'error': None,
 'id': '456551877509906432',
 'patch_id': None,
 'status': 'ADDED'}]
[{'collection': 'GifyUsers',
 'error': None,
 'id': '547613750283468811',
 'patch_id': None,
 'status': 'ADDED'}]
[{'collection': 'GifyUsers',
 'error': None,
 'id': '547613750283468811',
 'patch_id': None,
 'status': 'ADDED'}]
[{'collection': 'GifyUsers',
 'error': None,
 'id': '456551877509906432',
 'patch_id': None,
 'status': 'ADDED'}]
[{'collection': 'GifyUsers',
 'error': None,
 'id': '547613750283468811',
 'patch_id': None,
 'status': 'ADDED'}]
[{'collection': 'GifyUsers',
 'error': None,
 'id': '456551877509906432',
 'patch_id': None,
 'status': 'ADDED'}]
[{'collection': 'GifyUsers',
 'error': None,
 'id': '456551877509906432',
 'patch_id': None,
 'status': 'ADDED'}]
[{'collection': 'GifyUsers',
 'error': None,
 'id': '547613750283468811',
 'patch_id': None,
 'status': 'ADDED'}]
[{'collection': 'GifyUsers',
 'error': None,
 'id': '547613750283468811',
 'patch_id': None,
 'status': 'ADDED'}]
[{'collection': 'GifyUsers',
 'error': None,
 'id': '456551877509906432',
 'patch_id': None,
 'status': 'ADDED'}]
[{'collection': 'GifyUsers',
 'error': None,
 'id': '547613750283468811',
 'patch_id': None,
 'status': 'ADDED'}]
[{'collection': 'GifyUsers',
 'error': None,
 'id': '547613750283468811',
 'patch_id': None,
 'status': 'ADDED'}]
[{'collection': 'GifyUsers',
 'error': None,
 'id': '547613750283468811',
 'patch_id': None,
 'status': 'ADDED'}]
[{'collection': 'GifyUsers',
 'error': None,
 'id': '456551877509906432',
 'patch_id': None,
 'status': 'ADDED'}]
[{'collection': 'GifyUsers',
 'error': None,
 'id': '547613750283468811',
 'patch_id': None,
 'status': 'ADDED'}]
[{'collection': 'GifyUsers',
 'error': None,
 'id': '456551877509906432',
 'patch_id': None,
 'status': 'ADDED'}]
[{'collection': 'GifyUsers',
 'error': None,
 'id': '456551877509906432',
 'patch_id': None,
 'status': 'ADDED'}]
[{'collection': 'GifyUsers',
 'error': None,
 'id': '776321298393595925',
 'patch_id': None,
 'status': 'ADDED'}]
[{'collection': 'GifyUsers',
 'error': None,
 'id': '547613750283468811',
 'patch_id': None,
 'status': 'ADDED'}]
[{'collection': 'GifyHistory',
 'error': None,
 'id': '4accaa08-8f54-416e-95ab-bfc6af03cfea-1',
 'patch_id': None,
 'status': 'ADDED'}]
[{'collection': 'GifyUsers',
 'error': None,
 'id': '547613750283468811',
 'patch_id': None,
 'status': 'ADDED'}]
[{'collection': 'GifyUsers',
 'error': None,
 'id': '547613750283468811',
 'patch_id': None,
 'status': 'ADDED'}]
[{'collection': 'GifyUsers',
 'error': None,
 'id': '456551877509906432',
 'patch_id': None,
 'status': 'ADDED'}]
[{'collection': 'GifyUsers',
 'error': None,
 'id': '456551877509906432',
 'patch_id': None,
 'status': 'ADDED'}]
[{'collection': 'GifyUsers',
 'error': None,
 'id': '456551877509906432',
 'patch_id': None,
 'status': 'ADDED'}]
[{'collection': 'GifyUsers',
 'error': None,
 'id': '547613750283468811',
 'patch_id': None,
 'status': 'ADDED'}]
[{'collection': 'GifyUsers',
 'error': None,
 'id': '456551877509906432',
 'patch_id': None,
 'status': 'ADDED'}]
[{'collection': 'GifyUsers',
 'error': None,
 'id': '456551877509906432',
 'patch_id': None,
 'status': 'ADDED'}]
[{'collection': 'GifyUsers',
 'error': None,
 'id': '456551877509906432',
 'patch_id': None,
 'status': 'ADDED'}]
[{'collection': 'GifyUsers',
 'error': None,
 'id': '547613750283468811',
 'patch_id': None,
 'status': 'ADDED'}]
[{'collection': 'GifyUsers',
 'error': None,
 'id': '547613750283468811',
 'patch_id': None,
 'status': 'ADDED'}]
[{'collection': 'GifyUsers',
 'error': None,
 'id': '547613750283468811',
 'patch_id': None,
 'status': 'ADDED'}]
[{'collection': 'GifyUsers',
 'error': None,
 'id': '547613750283468811',
 'patch_id': None,
 'status': 'ADDED'}]
[{'collection': 'GifyUsers',
 'error': None,
 'id': '456551877509906432',
 'patch_id': None,
 'status': 'ADDED'}]
[{'collection': 'GifyUsers',
 'error': None,
 'id': '547613750283468811',
 'patch_id': None,
 'status': 'ADDED'}]
[{'collection': 'GifyUsers',
 'error': None,
 'id': '456551877509906432',
 'patch_id': None,
 'status': 'ADDED'}]
[{'collection': 'GifyUsers',
 'error': None,
 'id': '776321298393595925',
 'patch_id': None,
 'status': 'ADDED'}]
[{'collection': 'GifyUsers',
 'error': None,
 'id': '547613750283468811',
 'patch_id': None,
 'status': 'ADDED'}]
[{'collection': 'GifyUsers',
 'error': None,
 'id': '456551877509906432',
 'patch_id': None,
 'status': 'ADDED'}]
[{'collection': 'GifyUsers',
 'error': None,
 'id': '456551877509906432',
 'patch_id': None,
 'status': 'ADDED'}]
[{'collection': 'GifyUsers',
 'error': None,
 'id': '456551877509906432',
 'patch_id': None,
 'status': 'ADDED'}]
[{'collection': 'GifyUsers',
 'error': None,
 'id': '456551877509906432',
 'patch_id': None,
 'status': 'ADDED'}]
[{'collection': 'GifyUsers',
 'error': None,
 'id': '547613750283468811',
 'patch_id': None,
 'status': 'ADDED'}]
[{'collection': 'GifyUsers',
 'error': None,
 'id': '547613750283468811',
 'patch_id': None,
 'status': 'ADDED'}]
[{'collection': 'GifyUsers',
 'error': None,
 'id': '547613750283468811',
 'patch_id': None,
 'status': 'ADDED'}]
[{'collection': 'GifyUsers',
 'error': None,
 'id': '456551877509906432',
 'patch_id': None,
 'status': 'ADDED'}]
[{'collection': 'GifyUsers',
 'error': None,
 'id': '456551877509906432',
 'patch_id': None,
 'status': 'ADDED'}]
[{'collection': 'GifyUsers',
 'error': None,
 'id': '456551877509906432',
 'patch_id': None,
 'status': 'ADDED'}]
[{'collection': 'GifyUsers',
 'error': None,
 'id': '547613750283468811',
 'patch_id': None,
 'status': 'ADDED'}]
[{'collection': 'GifyUsers',
 'error': None,
 'id': '456551877509906432',
 'patch_id': None,
 'status': 'ADDED'}]
[{'collection': 'GifyUsers',
 'error': None,
 'id': '547613750283468811',
 'patch_id': None,
 'status': 'ADDED'}]
[{'collection': 'GifyUsers',
 'error': None,
 'id': '456551877509906432',
 'patch_id': None,
 'status': 'ADDED'}]
[{'collection': 'GifyUsers',
 'error': None,
 'id': '456551877509906432',
 'patch_id': None,
 'status': 'ADDED'}]
[{'collection': 'GifyUsers',
 'error': None,
 'id': '547613750283468811',
 'patch_id': None,
 'status': 'ADDED'}]
[{'collection': 'GifyUsers',
 'error': None,
 'id': '456551877509906432',
 'patch_id': None,
 'status': 'ADDED'}]
[{'collection': 'GifyUsers',
 'error': None,
 'id': '547613750283468811',
 'patch_id': None,
 'status': 'ADDED'}]
[{'collection': 'GifyUsers',
 'error': None,
 'id': '774682426977812508',
 'patch_id': None,
 'status': 'ADDED'}]
[{'collection': 'GifyUsers',
 'error': None,
 'id': '547613750283468811',
 'patch_id': None,
 'status': 'ADDED'}]
[{'collection': 'GifyUsers',
 'error': None,
 'id': '456551877509906432',
 'patch_id': None,
 'status': 'ADDED'}]
[{'collection': 'GifyUsers',
 'error': None,
 'id': '547613750283468811',
 'patch_id': None,
 'status': 'ADDED'}]
[{'collection': 'GifyUsers',
 'error': None,
 'id': '456551877509906432',
 'patch_id': None,
 'status': 'ADDED'}]
[{'collection': 'GifyUsers',
 'error': None,
 'id': '547613750283468811',
 'patch_id': None,
 'status': 'ADDED'}]
[{'collection': 'GifyUsers',
 'error': None,
 'id': '456551877509906432',
 'patch_id': None,
 'status': 'ADDED'}]
[{'collection': 'GifyUsers',
 'error': None,
 'id': '774682426977812508',
 'patch_id': None,
 'status': 'ADDED'}]
[{'collection': 'GifyUsers',
 'error': None,
 'id': '547613750283468811',
 'patch_id': None,
 'status': 'ADDED'}]
[{'collection': 'GifyUsers',
 'error': None,
 'id': '547613750283468811',
 'patch_id': None,
 'status': 'ADDED'}]
[{'collection': 'GifyUsers',
 'error': None,
 'id': '547613750283468811',
 'patch_id': None,
 'status': 'ADDED'}]
[{'collection': 'GifyUsers',
 'error': None,
 'id': '774682426977812508',
 'patch_id': None,
 'status': 'ADDED'}]
[{'collection': 'GifyUsers',
 'error': None,
 'id': '547613750283468811',
 'patch_id': None,
 'status': 'ADDED'}]
[{'collection': 'GifyUsers',
 'error': None,
 'id': '547613750283468811',
 'patch_id': None,
 'status': 'ADDED'}]
[{'collection': 'GifyUsers',
 'error': None,
 'id': '547613750283468811',
 'patch_id': None,
 'status': 'ADDED'}]
[{'collection': 'GifyUsers',
 'error': None,
 'id': '547613750283468811',
 'patch_id': None,
 'status': 'ADDED'}]
[{'collection': 'GifyUsers',
 'error': None,
 'id': '547613750283468811',
 'patch_id': None,
 'status': 'ADDED'}]
[{'collection': 'GifyUsers',
 'error': None,
 'id': '547613750283468811',
 'patch_id': None,
 'status': 'ADDED'}]
[{'collection': 'GifyUsers',
 'error': None,
 'id': '547613750283468811',
 'patch_id': None,
 'status': 'ADDED'}]
[{'collection': 'GifyUsers',
 'error': None,
 'id': '547613750283468811',
 'patch_id': None,
 'status': 'ADDED'}]
[{'collection': 'GifyUsers',
 'error': None,
 'id': '547613750283468811',
 'patch_id': None,
 'status': 'ADDED'}]
[{'collection': 'GifyUsers',
 'error': None,
 'id': '547613750283468811',
 'patch_id': None,
 'status': 'ADDED'}]
[{'collection': 'GifyUsers',
 'error': None,
 'id': '547613750283468811',
 'patch_id': None,
 'status': 'ADDED'}]
[{'collection': 'GifyUsers',
 'error': None,
 'id': '456551877509906432',
 'patch_id': None,
 'status': 'ADDED'}]
[{'collection': 'GifyUsers',
 'error': None,
 'id': '456551877509906432',
 'patch_id': None,
 'status': 'ADDED'}]
[{'collection': 'GifyUsers',
 'error': None,
 'id': '456551877509906432',
 'patch_id': None,
 'status': 'ADDED'}]
[{'collection': 'GifyUsers',
 'error': None,
 'id': '456551877509906432',
 'patch_id': None,
 'status': 'ADDED'}]
[{'collection': 'GifyUsers',
 'error': None,
 'id': '547613750283468811',
 'patch_id': None,
 'status': 'ADDED'}]
[{'collection': 'GifyUsers',
 'error': None,
 'id': '456551877509906432',
 'patch_id': None,
 'status': 'ADDED'}]
[{'collection': 'GifyUsers',
 'error': None,
 'id': '456551877509906432',
 'patch_id': None,
 'status': 'ADDED'}]
[{'collection': 'GifyUsers',
 'error': None,
 'id': '547613750283468811',
 'patch_id': None,
 'status': 'ADDED'}]
[{'collection': 'GifyUsers',
 'error': None,
 'id': '456551877509906432',
 'patch_id': None,
 'status': 'ADDED'}]
[{'collection': 'GifyUsers',
 'error': None,
 'id': '456551877509906432',
 'patch_id': None,
 'status': 'ADDED'}]
[{'collection': 'GifyUsers',
 'error': None,
 'id': '456551877509906432',
 'patch_id': None,
 'status': 'ADDED'}]
[{'collection': 'GifyUsers',
 'error': None,
 'id': '456551877509906432',
 'patch_id': None,
 'status': 'ADDED'}]
[{'collection': 'GifyUsers',
 'error': None,
 'id': '456551877509906432',
 'patch_id': None,
 'status': 'ADDED'}]
[{'collection': 'GifyUsers',
 'error': None,
 'id': '456551877509906432',
 'patch_id': None,
 'status': 'ADDED'}]
[{'collection': 'GifyUsers',
 'error': None,
 'id': '456551877509906432',
 'patch_id': None,
 'status': 'ADDED'}]
[{'collection': 'GifyUsers',
 'error': None,
 'id': '456551877509906432',
 'patch_id': None,
 'status': 'ADDED'}]
[{'collection': 'GifyUsers',
 'error': None,
 'id': '547613750283468811',
 'patch_id': None,
 'status': 'ADDED'}]
[{'collection': 'GifyUsers',
 'error': None,
 'id': '456551877509906432',
 'patch_id': None,
 'status': 'ADDED'}]
[{'collection': 'GifyUsers',
 'error': None,
 'id': '456551877509906432',
 'patch_id': None,
 'status': 'ADDED'}]
[{'collection': 'GifyUsers',
 'error': None,
 'id': '547613750283468811',
 'patch_id': None,
 'status': 'ADDED'}]
[{'collection': 'GifyUsers',
 'error': None,
 'id': '547613750283468811',
 'patch_id': None,
 'status': 'ADDED'}]
[{'collection': 'GifyUsers',
 'error': None,
 'id': '456551877509906432',
 'patch_id': None,
 'status': 'ADDED'}]
[{'collection': 'GifyUsers',
 'error': None,
 'id': '547613750283468811',
 'patch_id': None,
 'status': 'ADDED'}]
[{'collection': 'GifyUsers',
 'error': None,
 'id': '547613750283468811',
 'patch_id': None,
 'status': 'ADDED'}]
[{'collection': 'GifyUsers',
 'error': None,
 'id': '456551877509906432',
 'patch_id': None,
 'status': 'ADDED'}]
[{'collection': 'GifyUsers',
 'error': None,
 'id': '547613750283468811',
 'patch_id': None,
 'status': 'ADDED'}]
[{'collection': 'GifyUsers',
 'error': None,
 'id': '547613750283468811',
 'patch_id': None,
 'status': 'ADDED'}]
[{'collection': 'GifyUsers',
 'error': None,
 'id': '547613750283468811',
 'patch_id': None,
 'status': 'ADDED'}]
[{'collection': 'GifyUsers',
 'error': None,
 'id': '547613750283468811',
 'patch_id': None,
 'status': 'ADDED'}]
[{'collection': 'GifyUsers',
 'error': None,
 'id': '547613750283468811',
 'patch_id': None,
 'status': 'ADDED'}]
[{'collection': 'GifyUsers',
 'error': None,
 'id': '571087608306991104',
 'patch_id': None,
 'status': 'ADDED'}]
[{'collection': 'GifyUsers',
 'error': None,
 'id': '571087608306991104',
 'patch_id': None,
 'status': 'ADDED'}]
[{'collection': 'GifyUsers',
 'error': None,
 'id': '745792822954950687',
 'patch_id': None,
 'status': 'ADDED'}]
[{'collection': 'GifyUsers',
 'error': None,
 'id': '745792822954950687',
 'patch_id': None,
 'status': 'ADDED'}]
[{'collection': 'GifyUsers',
 'error': None,
 'id': '456551877509906432',
 'patch_id': None,
 'status': 'ADDED'}]
[{'collection': 'GifyUsers',
 'error': None,
 'id': '725778891637260371',
 'patch_id': None,
 'status': 'ADDED'}]
[{'collection': 'GifyUsers',
 'error': None,
 'id': '725778891637260371',
 'patch_id': None,
 'status': 'ADDED'}]
[{'collection': 'GifyUsers',
 'error': None,
 'id': '456551877509906432',
 'patch_id': None,
 'status': 'ADDED'}]
[{'collection': 'GifyUsers',
 'error': None,
 'id': '725778891637260371',
 'patch_id': None,
 'status': 'ADDED'}]
[{'collection': 'GifyUsers',
 'error': None,
 'id': '725778891637260371',
 'patch_id': None,
 'status': 'ADDED'}]
[{'collection': 'GifyUsers',
 'error': None,
 'id': '456551877509906432',
 'patch_id': None,
 'status': 'ADDED'}]
[{'collection': 'GifyUsers',
 'error': None,
 'id': '456551877509906432',
 'patch_id': None,
 'status': 'ADDED'}]
[{'collection': 'GifyUsers',
 'error': None,
 'id': '456551877509906432',
 'patch_id': None,
 'status': 'ADDED'}]
[{'collection': 'GifyUsers',
 'error': None,
 'id': '456551877509906432',
 'patch_id': None,
 'status': 'ADDED'}]
[{'collection': 'GifyUsers',
 'error': None,
 'id': '725778891637260371',
 'patch_id': None,
 'status': 'ADDED'}]
[{'collection': 'GifyUsers',
 'error': None,
 'id': '725778891637260371',
 'patch_id': None,
 'status': 'ADDED'}]
[{'collection': 'GifyUsers',
 'error': None,
 'id': '725778891637260371',
 'patch_id': None,
 'status': 'ADDED'}]
[{'collection': 'GifyUsers',
 'error': None,
 'id': '571087608306991104',
 'patch_id': None,
 'status': 'ADDED'}]
[{'collection': 'GifyUsers',
 'error': None,
 'id': '725778891637260371',
 'patch_id': None,
 'status': 'ADDED'}]
[{'collection': 'GifyUsers',
 'error': None,
 'id': '725778891637260371',
 'patch_id': None,
 'status': 'ADDED'}]
[{'collection': 'GifyUsers',
 'error': None,
 'id': '456551877509906432',
 'patch_id': None,
 'status': 'ADDED'}]
[{'collection': 'GifyUsers',
 'error': None,
 'id': '456551877509906432',
 'patch_id': None,
 'status': 'ADDED'}]
[{'collection': 'GifyUsers',
 'error': None,
 'id': '456551877509906432',
 'patch_id': None,
 'status': 'ADDED'}]
[{'collection': 'GifyUsers',
 'error': None,
 'id': '725778891637260371',
 'patch_id': None,
 'status': 'ADDED'}]
[{'collection': 'GifyUsers',
 'error': None,
 'id': '725778891637260371',
 'patch_id': None,
 'status': 'ADDED'}]
[{'collection': 'GifyUsers',
 'error': None,
 'id': '456551877509906432',
 'patch_id': None,
 'status': 'ADDED'}]
[{'collection': 'GifyUsers',
 'error': None,
 'id': '725778891637260371',
 'patch_id': None,
 'status': 'ADDED'}]
[{'collection': 'GifyUsers',
 'error': None,
 'id': '456551877509906432',
 'patch_id': None,
 'status': 'ADDED'}]
[{'collection': 'GifyUsers',
 'error': None,
 'id': '725778891637260371',
 'patch_id': None,
 'status': 'ADDED'}]
[{'collection': 'GifyUsers',
 'error': None,
 'id': '456551877509906432',
 'patch_id': None,
 'status': 'ADDED'}]
[{'collection': 'GifyUsers',
 'error': None,
 'id': '725778891637260371',
 'patch_id': None,
 'status': 'ADDED'}]
[{'collection': 'GifyUsers',
 'error': None,
 'id': '725778891637260371',
 'patch_id': None,
 'status': 'ADDED'}]
[{'collection': 'GifyUsers',
 'error': None,
 'id': '456551877509906432',
 'patch_id': None,
 'status': 'ADDED'}]
[{'collection': 'GifyUsers',
 'error': None,
 'id': '725778891637260371',
 'patch_id': None,
 'status': 'ADDED'}]
[{'collection': 'GifyUsers',
 'error': None,
 'id': '456551877509906432',
 'patch_id': None,
 'status': 'ADDED'}]
[{'collection': 'GifyUsers',
 'error': None,
 'id': '725778891637260371',
 'patch_id': None,
 'status': 'ADDED'}]
[{'collection': 'GifyUsers',
 'error': None,
 'id': '725778891637260371',
 'patch_id': None,
 'status': 'ADDED'}]
[{'collection': 'GifyUsers',
 'error': None,
 'id': '725778891637260371',
 'patch_id': None,
 'status': 'ADDED'}]
[{'collection': 'GifyUsers',
 'error': None,
 'id': '456551877509906432',
 'patch_id': None,
 'status': 'ADDED'}]
[{'collection': 'GifyUsers',
 'error': None,
 'id': '725778891637260371',
 'patch_id': None,
 'status': 'ADDED'}]
[{'collection': 'GifyUsers',
 'error': None,
 'id': '456551877509906432',
 'patch_id': None,
 'status': 'ADDED'}]
[{'collection': 'GifyUsers',
 'error': None,
 'id': '456551877509906432',
 'patch_id': None,
 'status': 'ADDED'}]
[{'collection': 'GifyUsers',
 'error': None,
 'id': '725778891637260371',
 'patch_id': None,
 'status': 'ADDED'}]
[{'collection': 'GifyUsers',
 'error': None,
 'id': '725778891637260371',
 'patch_id': None,
 'status': 'ADDED'}]
[{'collection': 'GifyUsers',
 'error': None,
 'id': '725778891637260371',
 'patch_id': None,
 'status': 'ADDED'}]
[{'collection': 'GifyUsers',
 'error': None,
 'id': '456551877509906432',
 'patch_id': None,
 'status': 'ADDED'}]
[{'collection': 'GifyUsers',
 'error': None,
 'id': '456551877509906432',
 'patch_id': None,
 'status': 'ADDED'}]
[{'collection': 'GifyUsers',
 'error': None,
 'id': '725778891637260371',
 'patch_id': None,
 'status': 'ADDED'}]
[{'collection': 'GifyUsers',
 'error': None,
 'id': '456551877509906432',
 'patch_id': None,
 'status': 'ADDED'}]
[{'collection': 'GifyUsers',
 'error': None,
 'id': '725778891637260371',
 'patch_id': None,
 'status': 'ADDED'}]
[{'collection': 'GifyUsers',
 'error': None,
 'id': '725778891637260371',
 'patch_id': None,
 'status': 'ADDED'}]
[{'collection': 'GifyUsers',
 'error': None,
 'id': '725778891637260371',
 'patch_id': None,
 'status': 'ADDED'}]
[{'collection': 'GifyUsers',
 'error': None,
 'id': '498288448344686594',
 'patch_id': None,
 'status': 'ADDED'}]
[{'collection': 'GifyUsers',
 'error': None,
 'id': '725778891637260371',
 'patch_id': None,
 'status': 'ADDED'}]
[{'collection': 'GifyUsers',
 'error': None,
 'id': '498288448344686594',
 'patch_id': None,
 'status': 'ADDED'}]
[{'collection': 'GifyUsers',
 'error': None,
 'id': '725778891637260371',
 'patch_id': None,
 'status': 'ADDED'}]
[{'collection': 'GifyUsers',
 'error': None,
 'id': '456551877509906432',
 'patch_id': None,
 'status': 'ADDED'}]
[{'collection': 'GifyUsers',
 'error': None,
 'id': '456551877509906432',
 'patch_id': None,
 'status': 'ADDED'}]
[{'collection': 'GifyUsers',
 'error': None,
 'id': '725778891637260371',
 'patch_id': None,
 'status': 'ADDED'}]
[{'collection': 'GifyUsers',
 'error': None,
 'id': '725778891637260371',
 'patch_id': None,
 'status': 'ADDED'}]
[{'collection': 'GifyUsers',
 'error': None,
 'id': '498288448344686594',
 'patch_id': None,
 'status': 'ADDED'}]
[{'collection': 'GifyUsers',
 'error': None,
 'id': '498288448344686594',
 'patch_id': None,
 'status': 'ADDED'}]
[{'collection': 'GifyUsers',
 'error': None,
 'id': '725778891637260371',
 'patch_id': None,
 'status': 'ADDED'}]
[{'collection': 'GifyUsers',
 'error': None,
 'id': '498288448344686594',
 'patch_id': None,
 'status': 'ADDED'}]
[{'collection': 'GifyUsers',
 'error': None,
 'id': '725778891637260371',
 'patch_id': None,
 'status': 'ADDED'}]
[{'collection': 'GifyUsers',
 'error': None,
 'id': '539633202231377930',
 'patch_id': None,
 'status': 'ADDED'}]
[{'collection': 'GifyUsers',
 'error': None,
 'id': '539633202231377930',
 'patch_id': None,
 'status': 'ADDED'}]
[{'collection': 'GifyUsers',
 'error': None,
 'id': '456551877509906432',
 'patch_id': None,
 'status': 'ADDED'}]
[{'collection': 'GifyUsers',
 'error': None,
 'id': '539633202231377930',
 'patch_id': None,
 'status': 'ADDED'}]
[{'collection': 'GifyUsers',
 'error': None,
 'id': '539633202231377930',
 'patch_id': None,
 'status': 'ADDED'}]
[{'collection': 'GifyUsers',
 'error': None,
 'id': '725778891637260371',
 'patch_id': None,
 'status': 'ADDED'}]
[{'collection': 'GifyUsers',
 'error': None,
 'id': '725778891637260371',
 'patch_id': None,
 'status': 'ADDED'}]
[{'collection': 'GifyUsers',
 'error': None,
 'id': '456551877509906432',
 'patch_id': None,
 'status': 'ADDED'}]
[{'collection': 'GifyUsers',
 'error': None,
 'id': '539633202231377930',
 'patch_id': None,
 'status': 'ADDED'}]
[{'collection': 'GifyUsers',
 'error': None,
 'id': '456551877509906432',
 'patch_id': None,
 'status': 'ADDED'}]
[{'collection': 'GifyUsers',
 'error': None,
 'id': '539633202231377930',
 'patch_id': None,
 'status': 'ADDED'}]
[{'collection': 'GifyUsers',
 'error': None,
 'id': '456551877509906432',
 'patch_id': None,
 'status': 'ADDED'}]
[{'collection': 'GifyUsers',
 'error': None,
 'id': '539633202231377930',
 'patch_id': None,
 'status': 'ADDED'}]
[{'collection': 'GifyUsers',
 'error': None,
 'id': '539633202231377930',
 'patch_id': None,
 'status': 'ADDED'}]
[{'collection': 'GifyUsers',
 'error': None,
 'id': '456551877509906432',
 'patch_id': None,
 'status': 'ADDED'}]
[{'collection': 'GifyUsers',
 'error': None,
 'id': '539633202231377930',
 'patch_id': None,
 'status': 'ADDED'}]
[{'collection': 'GifyUsers',
 'error': None,
 'id': '539633202231377930',
 'patch_id': None,
 'status': 'ADDED'}]
[{'collection': 'GifyUsers',
 'error': None,
 'id': '539633202231377930',
 'patch_id': None,
 'status': 'ADDED'}]
[{'collection': 'GifyUsers',
 'error': None,
 'id': '456551877509906432',
 'patch_id': None,
 'status': 'ADDED'}]
[{'collection': 'GifyUsers',
 'error': None,
 'id': '456551877509906432',
 'patch_id': None,
 'status': 'ADDED'}]
[{'collection': 'GifyUsers',
 'error': None,
 'id': '539633202231377930',
 'patch_id': None,
 'status': 'ADDED'}]
[{'collection': 'GifyUsers',
 'error': None,
 'id': '456551877509906432',
 'patch_id': None,
 'status': 'ADDED'}]
[{'collection': 'GifyUsers',
 'error': None,
 'id': '539633202231377930',
 'patch_id': None,
 'status': 'ADDED'}]
[{'collection': 'GifyUsers',
 'error': None,
 'id': '539633202231377930',
 'patch_id': None,
 'status': 'ADDED'}]
[{'collection': 'GifyUsers',
 'error': None,
 'id': '539633202231377930',
 'patch_id': None,
 'status': 'ADDED'}]
[{'collection': 'GifyUsers',
 'error': None,
 'id': '456551877509906432',
 'patch_id': None,
 'status': 'ADDED'}]
[{'collection': 'GifyUsers',
 'error': None,
 'id': '498288448344686594',
 'patch_id': None,
 'status': 'ADDED'}]
[{'collection': 'GifyUsers',
 'error': None,
 'id': '456551877509906432',
 'patch_id': None,
 'status': 'ADDED'}]
[{'collection': 'GifyUsers',
 'error': None,
 'id': '498288448344686594',
 'patch_id': None,
 'status': 'ADDED'}]
[{'collection': 'GifyUsers',
 'error': None,
 'id': '498288448344686594',
 'patch_id': None,
 'status': 'ADDED'}]
[{'collection': 'GifyUsers',
 'error': None,
 'id': '725778891637260371',
 'patch_id': None,
 'status': 'ADDED'}]
[{'collection': 'GifyUsers',
 'error': None,
 'id': '498288448344686594',
 'patch_id': None,
 'status': 'ADDED'}]
[{'collection': 'GifyUsers',
 'error': None,
 'id': '456551877509906432',
 'patch_id': None,
 'status': 'ADDED'}]
[{'collection': 'GifyUsers',
 'error': None,
 'id': '725778891637260371',
 'patch_id': None,
 'status': 'ADDED'}]
[{'collection': 'GifyUsers',
 'error': None,
 'id': '725778891637260371',
 'patch_id': None,
 'status': 'ADDED'}]
[{'collection': 'GifyUsers',
 'error': None,
 'id': '725778891637260371',
 'patch_id': None,
 'status': 'ADDED'}]
[{'collection': 'GifyUsers',
 'error': None,
 'id': '456551877509906432',
 'patch_id': None,
 'status': 'ADDED'}]
[{'collection': 'GifyUsers',
 'error': None,
 'id': '539633202231377930',
 'patch_id': None,
 'status': 'ADDED'}]
[{'collection': 'GifyUsers',
 'error': None,
 'id': '539633202231377930',
 'patch_id': None,
 'status': 'ADDED'}]
[{'collection': 'GifyUsers',
 'error': None,
 'id': '539633202231377930',
 'patch_id': None,
 'status': 'ADDED'}]
[{'collection': 'GifyUsers',
 'error': None,
 'id': '725778891637260371',
 'patch_id': None,
 'status': 'ADDED'}]
[{'collection': 'GifyUsers',
 'error': None,
 'id': '456551877509906432',
 'patch_id': None,
 'status': 'ADDED'}]
[{'collection': 'GifyUsers',
 'error': None,
 'id': '456551877509906432',
 'patch_id': None,
 'status': 'ADDED'}]
[{'collection': 'GifyUsers',
 'error': None,
 'id': '757753085417357333',
 'patch_id': None,
 'status': 'ADDED'}]
[{'collection': 'GifyUsers',
 'error': None,
 'id': '757753085417357333',
 'patch_id': None,
 'status': 'ADDED'}]
[{'collection': 'GifyUsers',
 'error': None,
 'id': '757753085417357333',
 'patch_id': None,
 'status': 'ADDED'}]
[{'collection': 'GifyUsers',
 'error': None,
 'id': '456551877509906432',
 'patch_id': None,
 'status': 'ADDED'}]
[{'collection': 'GifyUsers',
 'error': None,
 'id': '498288448344686594',
 'patch_id': None,
 'status': 'ADDED'}]
[{'collection': 'GifyUsers',
 'error': None,
 'id': '539633202231377930',
 'patch_id': None,
 'status': 'ADDED'}]
[{'collection': 'GifyUsers',
 'error': None,
 'id': '725778891637260371',
 'patch_id': None,
 'status': 'ADDED'}]
[{'collection': 'GifyUsers',
 'error': None,
 'id': '456551877509906432',
 'patch_id': None,
 'status': 'ADDED'}]
[{'collection': 'GifyUsers',
 'error': None,
 'id': '725778891637260371',
 'patch_id': None,
 'status': 'ADDED'}]
[{'collection': 'GifyUsers',
 'error': None,
 'id': '539633202231377930',
 'patch_id': None,
 'status': 'ADDED'}]
[{'collection': 'GifyUsers',
 'error': None,
 'id': '498288448344686594',
 'patch_id': None,
 'status': 'ADDED'}]
[{'collection': 'GifyUsers',
 'error': None,
 'id': '725778891637260371',
 'patch_id': None,
 'status': 'ADDED'}]
[{'collection': 'GifyUsers',
 'error': None,
 'id': '539633202231377930',
 'patch_id': None,
 'status': 'ADDED'}]
[{'collection': 'GifyUsers',
 'error': None,
 'id': '725778891637260371',
 'patch_id': None,
 'status': 'ADDED'}]
[{'collection': 'GifyUsers',
 'error': None,
 'id': '725778891637260371',
 'patch_id': None,
 'status': 'ADDED'}]
[{'collection': 'GifyUsers',
 'error': None,
 'id': '725778891637260371',
 'patch_id': None,
 'status': 'ADDED'}]
[{'collection': 'GifyUsers',
 'error': None,
 'id': '725778891637260371',
 'patch_id': None,
 'status': 'ADDED'}]
[{'collection': 'GifyUsers',
 'error': None,
 'id': '456551877509906432',
 'patch_id': None,
 'status': 'ADDED'}]
[{'collection': 'GifyUsers',
 'error': None,
 'id': '498288448344686594',
 'patch_id': None,
 'status': 'ADDED'}]
[{'collection': 'GifyUsers',
 'error': None,
 'id': '498288448344686594',
 'patch_id': None,
 'status': 'ADDED'}]
[{'collection': 'GifyUsers',
 'error': None,
 'id': '456551877509906432',
 'patch_id': None,
 'status': 'ADDED'}]
[{'collection': 'GifyUsers',
 'error': None,
 'id': '456551877509906432',
 'patch_id': None,
 'status': 'ADDED'}]
[{'collection': 'GifyUsers',
 'error': None,
 'id': '725778891637260371',
 'patch_id': None,
 'status': 'ADDED'}]
[{'collection': 'GifyUsers',
 'error': None,
 'id': '725778891637260371',
 'patch_id': None,
 'status': 'ADDED'}]
[{'collection': 'GifyUsers',
 'error': None,
 'id': '725778891637260371',
 'patch_id': None,
 'status': 'ADDED'}]
[{'collection': 'GifyUsers',
 'error': None,
 'id': '725778891637260371',
 'patch_id': None,
 'status': 'ADDED'}]
[{'collection': 'GifyUsers',
 'error': None,
 'id': '725778891637260371',
 'patch_id': None,
 'status': 'ADDED'}]
[{'collection': 'GifyUsers',
 'error': None,
 'id': '725778891637260371',
 'patch_id': None,
 'status': 'ADDED'}]
[{'collection': 'GifyUsers',
 'error': None,
 'id': '725778891637260371',
 'patch_id': None,
 'status': 'ADDED'}]
[{'collection': 'GifyUsers',
 'error': None,
 'id': '725778891637260371',
 'patch_id': None,
 'status': 'ADDED'}]
[{'collection': 'GifyUsers',
 'error': None,
 'id': '725778891637260371',
 'patch_id': None,
 'status': 'ADDED'}]
[{'collection': 'GifyUsers',
 'error': None,
 'id': '725778891637260371',
 'patch_id': None,
 'status': 'ADDED'}]
[{'collection': 'GifyUsers',
 'error': None,
 'id': '539633202231377930',
 'patch_id': None,
 'status': 'ADDED'}]
[{'collection': 'GifyUsers',
 'error': None,
 'id': '456551877509906432',
 'patch_id': None,
 'status': 'ADDED'}]
[{'collection': 'GifyUsers',
 'error': None,
 'id': '725778891637260371',
 'patch_id': None,
 'status': 'ADDED'}]
[{'collection': 'GifyUsers',
 'error': None,
 'id': '725778891637260371',
 'patch_id': None,
 'status': 'ADDED'}]
[{'collection': 'GifyUsers',
 'error': None,
 'id': '725778891637260371',
 'patch_id': None,
 'status': 'ADDED'}]
[{'collection': 'GifyUsers',
 'error': None,
 'id': '725778891637260371',
 'patch_id': None,
 'status': 'ADDED'}]
[{'collection': 'GifyUsers',
 'error': None,
 'id': '725778891637260371',
 'patch_id': None,
 'status': 'ADDED'}]
[{'collection': 'GifyUsers',
 'error': None,
 'id': '725778891637260371',
 'patch_id': None,
 'status': 'ADDED'}]
[{'collection': 'GifyUsers',
 'error': None,
 'id': '725778891637260371',
 'patch_id': None,
 'status': 'ADDED'}]
[{'collection': 'GifyUsers',
 'error': None,
 'id': '725778891637260371',
 'patch_id': None,
 'status': 'ADDED'}]
[{'collection': 'GifyUsers',
 'error': None,
 'id': '725778891637260371',
 'patch_id': None,
 'status': 'ADDED'}]
[{'collection': 'GifyUsers',
 'error': None,
 'id': '725778891637260371',
 'patch_id': None,
 'status': 'ADDED'}]
[{'collection': 'GifyUsers',
 'error': None,
 'id': '725778891637260371',
 'patch_id': None,
 'status': 'ADDED'}]
[{'collection': 'GifyUsers',
 'error': None,
 'id': '757753085417357333',
 'patch_id': None,
 'status': 'ADDED'}]
[{'collection': 'GifyUsers',
 'error': None,
 'id': '539633202231377930',
 'patch_id': None,
 'status': 'ADDED'}]
[{'collection': 'GifyUsers',
 'error': None,
 'id': '539633202231377930',
 'patch_id': None,
 'status': 'ADDED'}]
[{'collection': 'GifyUsers',
 'error': None,
 'id': '498288448344686594',
 'patch_id': None,
 'status': 'ADDED'}]
[{'collection': 'GifyUsers',
 'error': None,
 'id': '757753085417357333',
 'patch_id': None,
 'status': 'ADDED'}]
[{'collection': 'GifyUsers',
 'error': None,
 'id': '725778891637260371',
 'patch_id': None,
 'status': 'ADDED'}]
[{'collection': 'GifyUsers',
 'error': None,
 'id': '539633202231377930',
 'patch_id': None,
 'status': 'ADDED'}]
[{'collection': 'GifyUsers',
 'error': None,
 'id': '498288448344686594',
 'patch_id': None,
 'status': 'ADDED'}]
[{'collection': 'GifyUsers',
 'error': None,
 'id': '725778891637260371',
 'patch_id': None,
 'status': 'ADDED'}]
[{'collection': 'GifyUsers',
 'error': None,
 'id': '498288448344686594',
 'patch_id': None,
 'status': 'ADDED'}]
[{'collection': 'GifyUsers',
 'error': None,
 'id': '757753085417357333',
 'patch_id': None,
 'status': 'ADDED'}]
[{'collection': 'GifyUsers',
 'error': None,
 'id': '498288448344686594',
 'patch_id': None,
 'status': 'ADDED'}]
[{'collection': 'GifyUsers',
 'error': None,
 'id': '498288448344686594',
 'patch_id': None,
 'status': 'ADDED'}]
[{'collection': 'GifyUsers',
 'error': None,
 'id': '498288448344686594',
 'patch_id': None,
 'status': 'ADDED'}]
[{'collection': 'GifyUsers',
 'error': None,
 'id': '498288448344686594',
 'patch_id': None,
 'status': 'ADDED'}]
[{'collection': 'GifyUsers',
 'error': None,
 'id': '725778891637260371',
 'patch_id': None,
 'status': 'ADDED'}]
[{'collection': 'GifyUsers',
 'error': None,
 'id': '498288448344686594',
 'patch_id': None,
 'status': 'ADDED'}]
[{'collection': 'GifyUsers',
 'error': None,
 'id': '725778891637260371',
 'patch_id': None,
 'status': 'ADDED'}]
[{'collection': 'GifyUsers',
 'error': None,
 'id': '725778891637260371',
 'patch_id': None,
 'status': 'ADDED'}]
[{'collection': 'GifyUsers',
 'error': None,
 'id': '725778891637260371',
 'patch_id': None,
 'status': 'ADDED'}]
[{'collection': 'GifyUsers',
 'error': None,
 'id': '725778891637260371',
 'patch_id': None,
 'status': 'ADDED'}]
[{'collection': 'GifyUsers',
 'error': None,
 'id': '757753085417357333',
 'patch_id': None,
 'status': 'ADDED'}]
[{'collection': 'GifyUsers',
 'error': None,
 'id': '725778891637260371',
 'patch_id': None,
 'status': 'ADDED'}]
[{'collection': 'GifyUsers',
 'error': None,
 'id': '498288448344686594',
 'patch_id': None,
 'status': 'ADDED'}]
[{'collection': 'GifyUsers',
 'error': None,
 'id': '498288448344686594',
 'patch_id': None,
 'status': 'ADDED'}]
[{'collection': 'GifyUsers',
 'error': None,
 'id': '498288448344686594',
 'patch_id': None,
 'status': 'ADDED'}]
[{'collection': 'GifyUsers',
 'error': None,
 'id': '498288448344686594',
 'patch_id': None,
 'status': 'ADDED'}]
[{'collection': 'GifyUsers',
 'error': None,
 'id': '498288448344686594',
 'patch_id': None,
 'status': 'ADDED'}]
[{'collection': 'GifyUsers',
 'error': None,
 'id': '539633202231377930',
 'patch_id': None,
 'status': 'ADDED'}]
[{'collection': 'GifyUsers',
 'error': None,
 'id': '498288448344686594',
 'patch_id': None,
 'status': 'ADDED'}]
[{'collection': 'GifyUsers',
 'error': None,
 'id': '498288448344686594',
 'patch_id': None,
 'status': 'ADDED'}]
[{'collection': 'GifyUsers',
 'error': None,
 'id': '757753085417357333',
 'patch_id': None,
 'status': 'ADDED'}]
[{'collection': 'GifyUsers',
 'error': None,
 'id': '498288448344686594',
 'patch_id': None,
 'status': 'ADDED'}]
[{'collection': 'GifyUsers',
 'error': None,
 'id': '498288448344686594',
 'patch_id': None,
 'status': 'ADDED'}]
[{'collection': 'GifyUsers',
 'error': None,
 'id': '498288448344686594',
 'patch_id': None,
 'status': 'ADDED'}]
[{'collection': 'GifyUsers',
 'error': None,
 'id': '498288448344686594',
 'patch_id': None,
 'status': 'ADDED'}]
[{'collection': 'GifyUsers',
 'error': None,
 'id': '498288448344686594',
 'patch_id': None,
 'status': 'ADDED'}]
[{'collection': 'GifyUsers',
 'error': None,
 'id': '539633202231377930',
 'patch_id': None,
 'status': 'ADDED'}]
[{'collection': 'GifyUsers',
 'error': None,
 'id': '757753085417357333',
 'patch_id': None,
 'status': 'ADDED'}]
[{'collection': 'GifyUsers',
 'error': None,
 'id': '539633202231377930',
 'patch_id': None,
 'status': 'ADDED'}]
[{'collection': 'GifyUsers',
 'error': None,
 'id': '725778891637260371',
 'patch_id': None,
 'status': 'ADDED'}]
[{'collection': 'GifyUsers',
 'error': None,
 'id': '539633202231377930',
 'patch_id': None,
 'status': 'ADDED'}]
[{'collection': 'GifyUsers',
 'error': None,
 'id': '498288448344686594',
 'patch_id': None,
 'status': 'ADDED'}]
[{'collection': 'GifyUsers',
 'error': None,
 'id': '757753085417357333',
 'patch_id': None,
 'status': 'ADDED'}]
[{'collection': 'GifyUsers',
 'error': None,
 'id': '498288448344686594',
 'patch_id': None,
 'status': 'ADDED'}]
[{'collection': 'GifyUsers',
 'error': None,
 'id': '498288448344686594',
 'patch_id': None,
 'status': 'ADDED'}]
[{'collection': 'GifyUsers',
 'error': None,
 'id': '725778891637260371',
 'patch_id': None,
 'status': 'ADDED'}]
[{'collection': 'GifyUsers',
 'error': None,
 'id': '498288448344686594',
 'patch_id': None,
 'status': 'ADDED'}]
[{'collection': 'GifyUsers',
 'error': None,
 'id': '725778891637260371',
 'patch_id': None,
 'status': 'ADDED'}]
[{'collection': 'GifyUsers',
 'error': None,
 'id': '725778891637260371',
 'patch_id': None,
 'status': 'ADDED'}]
[{'collection': 'GifyUsers',
 'error': None,
 'id': '757753085417357333',
 'patch_id': None,
 'status': 'ADDED'}]
[{'collection': 'GifyUsers',
 'error': None,
 'id': '498288448344686594',
 'patch_id': None,
 'status': 'ADDED'}]
[{'collection': 'GifyUsers',
 'error': None,
 'id': '725778891637260371',
 'patch_id': None,
 'status': 'ADDED'}]
[{'collection': 'GifyUsers',
 'error': None,
 'id': '498288448344686594',
 'patch_id': None,
 'status': 'ADDED'}]
[{'collection': 'GifyUsers',
 'error': None,
 'id': '498288448344686594',
 'patch_id': None,
 'status': 'ADDED'}]
[{'collection': 'GifyUsers',
 'error': None,
 'id': '725778891637260371',
 'patch_id': None,
 'status': 'ADDED'}]
[{'collection': 'GifyUsers',
 'error': None,
 'id': '498288448344686594',
 'patch_id': None,
 'status': 'ADDED'}]
[{'collection': 'GifyUsers',
 'error': None,
 'id': '539633202231377930',
 'patch_id': None,
 'status': 'ADDED'}]
[{'collection': 'GifyUsers',
 'error': None,
 'id': '498288448344686594',
 'patch_id': None,
 'status': 'ADDED'}]
[{'collection': 'GifyUsers',
 'error': None,
 'id': '539633202231377930',
 'patch_id': None,
 'status': 'ADDED'}]
[{'collection': 'GifyUsers',
 'error': None,
 'id': '539633202231377930',
 'patch_id': None,
 'status': 'ADDED'}]
[{'collection': 'GifyUsers',
 'error': None,
 'id': '498288448344686594',
 'patch_id': None,
 'status': 'ADDED'}]
[{'collection': 'GifyUsers',
 'error': None,
 'id': '498288448344686594',
 'patch_id': None,
 'status': 'ADDED'}]
[{'collection': 'GifyUsers',
 'error': None,
 'id': '498288448344686594',
 'patch_id': None,
 'status': 'ADDED'}]
[{'collection': 'GifyUsers',
 'error': None,
 'id': '498288448344686594',
 'patch_id': None,
 'status': 'ADDED'}]
[{'collection': 'GifyUsers',
 'error': None,
 'id': '725778891637260371',
 'patch_id': None,
 'status': 'ADDED'}]
[{'collection': 'GifyUsers',
 'error': None,
 'id': '498288448344686594',
 'patch_id': None,
 'status': 'ADDED'}]
[{'collection': 'GifyUsers',
 'error': None,
 'id': '498288448344686594',
 'patch_id': None,
 'status': 'ADDED'}]
[{'collection': 'GifyUsers',
 'error': None,
 'id': '498288448344686594',
 'patch_id': None,
 'status': 'ADDED'}]
[{'collection': 'GifyUsers',
 'error': None,
 'id': '498288448344686594',
 'patch_id': None,
 'status': 'ADDED'}]
[{'collection': 'GifyUsers',
 'error': None,
 'id': '498288448344686594',
 'patch_id': None,
 'status': 'ADDED'}]
[{'collection': 'GifyUsers',
 'error': None,
 'id': '498288448344686594',
 'patch_id': None,
 'status': 'ADDED'}]
[{'collection': 'GifyUsers',
 'error': None,
 'id': '498288448344686594',
 'patch_id': None,
 'status': 'ADDED'}]
[{'collection': 'GifyUsers',
 'error': None,
 'id': '725778891637260371',
 'patch_id': None,
 'status': 'ADDED'}]
[{'collection': 'GifyUsers',
 'error': None,
 'id': '498288448344686594',
 'patch_id': None,
 'status': 'ADDED'}]
[{'collection': 'GifyUsers',
 'error': None,
 'id': '725778891637260371',
 'patch_id': None,
 'status': 'ADDED'}]
[{'collection': 'GifyUsers',
 'error': None,
 'id': '539633202231377930',
 'patch_id': None,
 'status': 'ADDED'}]
[{'collection': 'GifyUsers',
 'error': None,
 'id': '725778891637260371',
 'patch_id': None,
 'status': 'ADDED'}]
[{'collection': 'GifyUsers',
 'error': None,
 'id': '539633202231377930',
 'patch_id': None,
 'status': 'ADDED'}]
[{'collection': 'GifyUsers',
 'error': None,
 'id': '498288448344686594',
 'patch_id': None,
 'status': 'ADDED'}]
[{'collection': 'GifyUsers',
 'error': None,
 'id': '498288448344686594',
 'patch_id': None,
 'status': 'ADDED'}]
[{'collection': 'GifyUsers',
 'error': None,
 'id': '725778891637260371',
 'patch_id': None,
 'status': 'ADDED'}]
[{'collection': 'GifyUsers',
 'error': None,
 'id': '725778891637260371',
 'patch_id': None,
 'status': 'ADDED'}]
[{'collection': 'GifyUsers',
 'error': None,
 'id': '725778891637260371',
 'patch_id': None,
 'status': 'ADDED'}]
[{'collection': 'GifyUsers',
 'error': None,
 'id': '725778891637260371',
 'patch_id': None,
 'status': 'ADDED'}]
[{'collection': 'GifyUsers',
 'error': None,
 'id': '725778891637260371',
 'patch_id': None,
 'status': 'ADDED'}]
[{'collection': 'GifyUsers',
 'error': None,
 'id': '725778891637260371',
 'patch_id': None,
 'status': 'ADDED'}]
[{'collection': 'GifyUsers',
 'error': None,
 'id': '498288448344686594',
 'patch_id': None,
 'status': 'ADDED'}]
[{'collection': 'GifyUsers',
 'error': None,
 'id': '725778891637260371',
 'patch_id': None,
 'status': 'ADDED'}]
[{'collection': 'GifyUsers',
 'error': None,
 'id': '725778891637260371',
 'patch_id': None,
 'status': 'ADDED'}]
[{'collection': 'GifyUsers',
 'error': None,
 'id': '725778891637260371',
 'patch_id': None,
 'status': 'ADDED'}]
[{'collection': 'GifyUsers',
 'error': None,
 'id': '725778891637260371',
 'patch_id': None,
 'status': 'ADDED'}]
[{'collection': 'GifyUsers',
 'error': None,
 'id': '725778891637260371',
 'patch_id': None,
 'status': 'ADDED'}]
[{'collection': 'GifyUsers',
 'error': None,
 'id': '725778891637260371',
 'patch_id': None,
 'status': 'ADDED'}]
[{'collection': 'GifyUsers',
 'error': None,
 'id': '757753085417357333',
 'patch_id': None,
 'status': 'ADDED'}]
[{'collection': 'GifyUsers',
 'error': None,
 'id': '498288448344686594',
 'patch_id': None,
 'status': 'ADDED'}]
[{'collection': 'GifyUsers',
 'error': None,
 'id': '498288448344686594',
 'patch_id': None,
 'status': 'ADDED'}]
[{'collection': 'GifyUsers',
 'error': None,
 'id': '498288448344686594',
 'patch_id': None,
 'status': 'ADDED'}]
[{'collection': 'GifyUsers',
 'error': None,
 'id': '498288448344686594',
 'patch_id': None,
 'status': 'ADDED'}]
[{'collection': 'GifyUsers',
 'error': None,
 'id': '498288448344686594',
 'patch_id': None,
 'status': 'ADDED'}]
[{'collection': 'GifyUsers',
 'error': None,
 'id': '498288448344686594',
 'patch_id': None,
 'status': 'ADDED'}]
[{'collection': 'GifyUsers',
 'error': None,
 'id': '498288448344686594',
 'patch_id': None,
 'status': 'ADDED'}]
[{'collection': 'GifyUsers',
 'error': None,
 'id': '498288448344686594',
 'patch_id': None,
 'status': 'ADDED'}]
[{'collection': 'GifyUsers',
 'error': None,
 'id': '498288448344686594',
 'patch_id': None,
 'status': 'ADDED'}]
[{'collection': 'GifyUsers',
 'error': None,
 'id': '498288448344686594',
 'patch_id': None,
 'status': 'ADDED'}]
[{'collection': 'GifyUsers',
 'error': None,
 'id': '725778891637260371',
 'patch_id': None,
 'status': 'ADDED'}]
[{'collection': 'GifyUsers',
 'error': None,
 'id': '498288448344686594',
 'patch_id': None,
 'status': 'ADDED'}]
[{'collection': 'GifyUsers',
 'error': None,
 'id': '498288448344686594',
 'patch_id': None,
 'status': 'ADDED'}]
[{'collection': 'GifyUsers',
 'error': None,
 'id': '498288448344686594',
 'patch_id': None,
 'status': 'ADDED'}]
[{'collection': 'GifyUsers',
 'error': None,
 'id': '757753085417357333',
 'patch_id': None,
 'status': 'ADDED'}]
[{'collection': 'GifyUsers',
 'error': None,
 'id': '725778891637260371',
 'patch_id': None,
 'status': 'ADDED'}]
[{'collection': 'GifyUsers',
 'error': None,
 'id': '725778891637260371',
 'patch_id': None,
 'status': 'ADDED'}]
[{'collection': 'GifyUsers',
 'error': None,
 'id': '539633202231377930',
 'patch_id': None,
 'status': 'ADDED'}]
[{'collection': 'GifyUsers',
 'error': None,
 'id': '498288448344686594',
 'patch_id': None,
 'status': 'ADDED'}]
[{'collection': 'GifyUsers',
 'error': None,
 'id': '757753085417357333',
 'patch_id': None,
 'status': 'ADDED'}]
[{'collection': 'GifyUsers',
 'error': None,
 'id': '539633202231377930',
 'patch_id': None,
 'status': 'ADDED'}]
[{'collection': 'GifyUsers',
 'error': None,
 'id': '498288448344686594',
 'patch_id': None,
 'status': 'ADDED'}]
[{'collection': 'GifyUsers',
 'error': None,
 'id': '539633202231377930',
 'patch_id': None,
 'status': 'ADDED'}]
[{'collection': 'GifyUsers',
 'error': None,
 'id': '498288448344686594',
 'patch_id': None,
 'status': 'ADDED'}]
[{'collection': 'GifyUsers',
 'error': None,
 'id': '757753085417357333',
 'patch_id': None,
 'status': 'ADDED'}]
[{'collection': 'GifyUsers',
 'error': None,
 'id': '498288448344686594',
 'patch_id': None,
 'status': 'ADDED'}]
[{'collection': 'GifyUsers',
 'error': None,
 'id': '725778891637260371',
 'patch_id': None,
 'status': 'ADDED'}]
[{'collection': 'GifyUsers',
 'error': None,
 'id': '725778891637260371',
 'patch_id': None,
 'status': 'ADDED'}]
[{'collection': 'GifyUsers',
 'error': None,
 'id': '757753085417357333',
 'patch_id': None,
 'status': 'ADDED'}]
[{'collection': 'GifyUsers',
 'error': None,
 'id': '757753085417357333',
 'patch_id': None,
 'status': 'ADDED'}]
[{'collection': 'GifyUsers',
 'error': None,
 'id': '498288448344686594',
 'patch_id': None,
 'status': 'ADDED'}]
[{'collection': 'GifyUsers',
 'error': None,
 'id': '757753085417357333',
 'patch_id': None,
 'status': 'ADDED'}]
[{'collection': 'GifyUsers',
 'error': None,
 'id': '498288448344686594',
 'patch_id': None,
 'status': 'ADDED'}]
[{'collection': 'GifyUsers',
 'error': None,
 'id': '539633202231377930',
 'patch_id': None,
 'status': 'ADDED'}]
[{'collection': 'GifyUsers',
 'error': None,
 'id': '757753085417357333',
 'patch_id': None,
 'status': 'ADDED'}]
[{'collection': 'GifyUsers',
 'error': None,
 'id': '757753085417357333',
 'patch_id': None,
 'status': 'ADDED'}]
[{'collection': 'GifyUsers',
 'error': None,
 'id': '498288448344686594',
 'patch_id': None,
 'status': 'ADDED'}]
[{'collection': 'GifyUsers',
 'error': None,
 'id': '539633202231377930',
 'patch_id': None,
 'status': 'ADDED'}]
[{'collection': 'GifyUsers',
 'error': None,
 'id': '498288448344686594',
 'patch_id': None,
 'status': 'ADDED'}]
[{'collection': 'GifyUsers',
 'error': None,
 'id': '498288448344686594',
 'patch_id': None,
 'status': 'ADDED'}]
[{'collection': 'GifyUsers',
 'error': None,
 'id': '498288448344686594',
 'patch_id': None,
 'status': 'ADDED'}]
[{'collection': 'GifyUsers',
 'error': None,
 'id': '725778891637260371',
 'patch_id': None,
 'status': 'ADDED'}]
[{'collection': 'GifyUsers',
 'error': None,
 'id': '757753085417357333',
 'patch_id': None,
 'status': 'ADDED'}]
[{'collection': 'GifyUsers',
 'error': None,
 'id': '725778891637260371',
 'patch_id': None,
 'status': 'ADDED'}]
[{'collection': 'GifyUsers',
 'error': None,
 'id': '498288448344686594',
 'patch_id': None,
 'status': 'ADDED'}]
[{'collection': 'GifyUsers',
 'error': None,
 'id': '725778891637260371',
 'patch_id': None,
 'status': 'ADDED'}]
[{'collection': 'GifyUsers',
 'error': None,
 'id': '498288448344686594',
 'patch_id': None,
 'status': 'ADDED'}]
[{'collection': 'GifyUsers',
 'error': None,
 'id': '498288448344686594',
 'patch_id': None,
 'status': 'ADDED'}]
[{'collection': 'GifyUsers',
 'error': None,
 'id': '498288448344686594',
 'patch_id': None,
 'status': 'ADDED'}]
[{'collection': 'GifyUsers',
 'error': None,
 'id': '498288448344686594',
 'patch_id': None,
 'status': 'ADDED'}]
[{'collection': 'GifyUsers',
 'error': None,
 'id': '725778891637260371',
 'patch_id': None,
 'status': 'ADDED'}]
[{'collection': 'GifyUsers',
 'error': None,
 'id': '725778891637260371',
 'patch_id': None,
 'status': 'ADDED'}]
[{'collection': 'GifyUsers',
 'error': None,
 'id': '725778891637260371',
 'patch_id': None,
 'status': 'ADDED'}]
[{'collection': 'GifyUsers',
 'error': None,
 'id': '725778891637260371',
 'patch_id': None,
 'status': 'ADDED'}]
[{'collection': 'GifyUsers',
 'error': None,
 'id': '725778891637260371',
 'patch_id': None,
 'status': 'ADDED'}]
[{'collection': 'GifyUsers',
 'error': None,
 'id': '725778891637260371',
 'patch_id': None,
 'status': 'ADDED'}]
[{'collection': 'GifyUsers',
 'error': None,
 'id': '725778891637260371',
 'patch_id': None,
 'status': 'ADDED'}]
[{'collection': 'GifyUsers',
 'error': None,
 'id': '539633202231377930',
 'patch_id': None,
 'status': 'ADDED'}]
[{'collection': 'GifyUsers',
 'error': None,
 'id': '498288448344686594',
 'patch_id': None,
 'status': 'ADDED'}]
[{'collection': 'GifyUsers',
 'error': None,
 'id': '547613750283468811',
 'patch_id': None,
 'status': 'ADDED'}]
[{'collection': 'GifyUsers',
 'error': None,
 'id': '498288448344686594',
 'patch_id': None,
 'status': 'ADDED'}]
[{'collection': 'GifyUsers',
 'error': None,
 'id': '498288448344686594',
 'patch_id': None,
 'status': 'ADDED'}]
[{'collection': 'GifyUsers',
 'error': None,
 'id': '757753085417357333',
 'patch_id': None,
 'status': 'ADDED'}]
[{'collection': 'GifyUsers',
 'error': None,
 'id': '757753085417357333',
 'patch_id': None,
 'status': 'ADDED'}]
[{'collection': 'GifyUsers',
 'error': None,
 'id': '745792822954950687',
 'patch_id': None,
 'status': 'ADDED'}]
[{'collection': 'GifyUsers',
 'error': None,
 'id': '757753085417357333',
 'patch_id': None,
 'status': 'ADDED'}]
[{'collection': 'GifyUsers',
 'error': None,
 'id': '539633202231377930',
 'patch_id': None,
 'status': 'ADDED'}]
[{'collection': 'GifyUsers',
 'error': None,
 'id': '725778891637260371',
 'patch_id': None,
 'status': 'ADDED'}]
[{'collection': 'GifyUsers',
 'error': None,
 'id': '725778891637260371',
 'patch_id': None,
 'status': 'ADDED'}]
[{'collection': 'GifyUsers',
 'error': None,
 'id': '762745428453490699',
 'patch_id': None,
 'status': 'ADDED'}]
[{'collection': 'GifyUsers',
 'error': None,
 'id': '498288448344686594',
 'patch_id': None,
 'status': 'ADDED'}]
[{'collection': 'GifyUsers',
 'error': None,
 'id': '498288448344686594',
 'patch_id': None,
 'status': 'ADDED'}]
[{'collection': 'GifyUsers',
 'error': None,
 'id': '757753085417357333',
 'patch_id': None,
 'status': 'ADDED'}]
[{'collection': 'GifyUsers',
 'error': None,
 'id': '757753085417357333',
 'patch_id': None,
 'status': 'ADDED'}]
[{'collection': 'GifyUsers',
 'error': None,
 'id': '547613750283468811',
 'patch_id': None,
 'status': 'ADDED'}]
[{'collection': 'GifyUsers',
 'error': None,
 'id': '571087608306991104',
 'patch_id': None,
 'status': 'ADDED'}]
[{'collection': 'GifyUsers',
 'error': None,
 'id': '762745428453490699',
 'patch_id': None,
 'status': 'ADDED'}]